<?xml version="1.0" encoding="UTF-8"?>
<!-- Generated by org.testng.reporters.JUnitXMLReporter -->
<testsuite ignored="0" hostname="LAPTOP-SHILPA" failures="0" tests="6" name="Test" time="41.858" errors="0" timestamp="2022-08-17T19:52:29 EDT">
  <testcase classname="tests.RegistrationTestDtPvd" name="flightReg" time="6.629"/>
  <testcase classname="tests.RegistrationTestDtPvd" name="flightReg" time="7.926"/>
  <testcase classname="tests.HomePageTestDtPvd" name="f" time="7.598"/>
  <testcase classname="tests.HomePageTestDtPvd" name="f" time="5.975"/>
  <testcase classname="tests.HomePageTestDtPvd" name="f" time="5.243"/>
  <testcase classname="tests.HomePageTestDtPvd" name="f" time="7.71"/>
</testsuite> <!-- Test -->
